<?xml version="1.0" encoding="UTF-8"?>
<testsuite xmlns:xsi="http://www.w3.org/2001/XMLSchema-instance" xsi:noNamespaceSchemaLocation="https://maven.apache.org/surefire/maven-surefire-plugin/xsd/surefire-test-report.xsd" version="3.0.2" name="com.alxy.notificationservice.NotificationServiceApplicationTests" time="10.989" tests="1" errors="0" skipped="0" failures="0">
  <properties>
    <property name="java.specification.version" value="17"/>
    <property name="sun.cpu.isalist" value="amd64"/>
    <property name="sun.jnu.encoding" value="GBK"/>
    <property name="java.class.path" value="D:\学习内容\中软国际培训\PrivateWealthSuite\notification-service\target\test-classes;D:\学习内容\中软国际培训\PrivateWealthSuite\notification-service\target\classes;D:\MavenRepository\.m2\repository\org\springframework\boot\spring-boot-starter-data-jpa\3.4.4\spring-boot-starter-data-jpa-3.4.4.jar;D:\MavenRepository\.m2\repository\org\springframework\boot\spring-boot-starter\3.4.4\spring-boot-starter-3.4.4.jar;D:\MavenRepository\.m2\repository\org\springframework\boot\spring-boot\3.4.4\spring-boot-3.4.4.jar;D:\MavenRepository\.m2\repository\org\springframework\boot\spring-boot-autoconfigure\3.4.4\spring-boot-autoconfigure-3.4.4.jar;D:\MavenRepository\.m2\repository\org\springframework\boot\spring-boot-starter-logging\3.4.4\spring-boot-starter-logging-3.4.4.jar;D:\MavenRepository\.m2\repository\ch\qos\logback\logback-classic\1.5.18\logback-classic-1.5.18.jar;D:\MavenRepository\.m2\repository\ch\qos\logback\logback-core\1.5.18\logback-core-1.5.18.jar;D:\MavenRepository\.m2\repository\org\apache\logging\log4j\log4j-to-slf4j\2.24.3\log4j-to-slf4j-2.24.3.jar;D:\MavenRepository\.m2\repository\org\apache\logging\log4j\log4j-api\2.24.3\log4j-api-2.24.3.jar;D:\MavenRepository\.m2\repository\org\slf4j\jul-to-slf4j\2.0.17\jul-to-slf4j-2.0.17.jar;D:\MavenRepository\.m2\repository\jakarta\annotation\jakarta.annotation-api\2.1.1\jakarta.annotation-api-2.1.1.jar;D:\MavenRepository\.m2\repository\org\yaml\snakeyaml\2.3\snakeyaml-2.3.jar;D:\MavenRepository\.m2\repository\org\springframework\boot\spring-boot-starter-jdbc\3.4.4\spring-boot-starter-jdbc-3.4.4.jar;D:\MavenRepository\.m2\repository\com\zaxxer\HikariCP\5.1.0\HikariCP-5.1.0.jar;D:\MavenRepository\.m2\repository\org\springframework\spring-jdbc\6.2.5\spring-jdbc-6.2.5.jar;D:\MavenRepository\.m2\repository\org\hibernate\orm\hibernate-core\6.6.11.Final\hibernate-core-6.6.11.Final.jar;D:\MavenRepository\.m2\repository\jakarta\persistence\jakarta.persistence-api\3.1.0\jakarta.persistence-api-3.1.0.jar;D:\MavenRepository\.m2\repository\jakarta\transaction\jakarta.transaction-api\2.0.1\jakarta.transaction-api-2.0.1.jar;D:\MavenRepository\.m2\repository\org\jboss\logging\jboss-logging\3.6.1.Final\jboss-logging-3.6.1.Final.jar;D:\MavenRepository\.m2\repository\org\hibernate\common\hibernate-commons-annotations\7.0.3.Final\hibernate-commons-annotations-7.0.3.Final.jar;D:\MavenRepository\.m2\repository\io\smallrye\jandex\3.2.0\jandex-3.2.0.jar;D:\MavenRepository\.m2\repository\com\fasterxml\classmate\1.7.0\classmate-1.7.0.jar;D:\MavenRepository\.m2\repository\net\bytebuddy\byte-buddy\1.15.11\byte-buddy-1.15.11.jar;D:\MavenRepository\.m2\repository\org\glassfish\jaxb\jaxb-runtime\4.0.5\jaxb-runtime-4.0.5.jar;D:\MavenRepository\.m2\repository\org\glassfish\jaxb\jaxb-core\4.0.5\jaxb-core-4.0.5.jar;D:\MavenRepository\.m2\repository\org\eclipse\angus\angus-activation\2.0.2\angus-activation-2.0.2.jar;D:\MavenRepository\.m2\repository\org\glassfish\jaxb\txw2\4.0.5\txw2-4.0.5.jar;D:\MavenRepository\.m2\repository\com\sun\istack\istack-commons-runtime\4.1.2\istack-commons-runtime-4.1.2.jar;D:\MavenRepository\.m2\repository\jakarta\inject\jakarta.inject-api\2.0.1\jakarta.inject-api-2.0.1.jar;D:\MavenRepository\.m2\repository\org\antlr\antlr4-runtime\4.13.0\antlr4-runtime-4.13.0.jar;D:\MavenRepository\.m2\repository\org\springframework\data\spring-data-jpa\3.2.4\spring-data-jpa-3.2.4.jar;D:\MavenRepository\.m2\repository\org\springframework\data\spring-data-commons\3.4.4\spring-data-commons-3.4.4.jar;D:\MavenRepository\.m2\repository\org\springframework\spring-orm\6.2.5\spring-orm-6.2.5.jar;D:\MavenRepository\.m2\repository\org\springframework\spring-aop\6.2.5\spring-aop-6.2.5.jar;D:\MavenRepository\.m2\repository\org\springframework\spring-beans\6.2.5\spring-beans-6.2.5.jar;D:\MavenRepository\.m2\repository\org\slf4j\slf4j-api\2.0.17\slf4j-api-2.0.17.jar;D:\MavenRepository\.m2\repository\org\springframework\spring-aspects\6.2.5\spring-aspects-6.2.5.jar;D:\MavenRepository\.m2\repository\org\aspectj\aspectjweaver\1.9.23\aspectjweaver-1.9.23.jar;D:\MavenRepository\.m2\repository\org\springframework\cloud\spring-cloud-starter-bus-kafka\4.2.1\spring-cloud-starter-bus-kafka-4.2.1.jar;D:\MavenRepository\.m2\repository\org\springframework\cloud\spring-cloud-starter-stream-kafka\4.2.1\spring-cloud-starter-stream-kafka-4.2.1.jar;D:\MavenRepository\.m2\repository\org\springframework\cloud\spring-cloud-stream-binder-kafka\4.2.1\spring-cloud-stream-binder-kafka-4.2.1.jar;D:\MavenRepository\.m2\repository\org\springframework\cloud\spring-cloud-stream-binder-kafka-core\4.2.1\spring-cloud-stream-binder-kafka-core-4.2.1.jar;D:\MavenRepository\.m2\repository\org\springframework\integration\spring-integration-kafka\6.4.3\spring-integration-kafka-6.4.3.jar;D:\MavenRepository\.m2\repository\org\springframework\cloud\spring-cloud-stream\4.2.1\spring-cloud-stream-4.2.1.jar;D:\MavenRepository\.m2\repository\org\springframework\boot\spring-boot-starter-validation\3.4.4\spring-boot-starter-validation-3.4.4.jar;D:\MavenRepository\.m2\repository\org\hibernate\validator\hibernate-validator\8.0.2.Final\hibernate-validator-8.0.2.Final.jar;D:\MavenRepository\.m2\repository\jakarta\validation\jakarta.validation-api\3.0.2\jakarta.validation-api-3.0.2.jar;D:\MavenRepository\.m2\repository\org\springframework\integration\spring-integration-jmx\6.4.3\spring-integration-jmx-6.4.3.jar;D:\MavenRepository\.m2\repository\org\springframework\cloud\spring-cloud-function-context\4.2.2\spring-cloud-function-context-4.2.2.jar;D:\MavenRepository\.m2\repository\org\springframework\cloud\spring-cloud-function-core\4.2.2\spring-cloud-function-core-4.2.2.jar;D:\MavenRepository\.m2\repository\com\fasterxml\jackson\datatype\jackson-datatype-joda\2.18.3\jackson-datatype-joda-2.18.3.jar;D:\MavenRepository\.m2\repository\joda-time\joda-time\2.12.7\joda-time-2.12.7.jar;D:\MavenRepository\.m2\repository\org\springframework\cloud\spring-cloud-bus\4.2.1\spring-cloud-bus-4.2.1.jar;D:\MavenRepository\.m2\repository\org\springframework\cloud\spring-cloud-starter\4.2.1\spring-cloud-starter-4.2.1.jar;D:\MavenRepository\.m2\repository\org\springframework\cloud\spring-cloud-context\4.2.1\spring-cloud-context-4.2.1.jar;D:\MavenRepository\.m2\repository\org\springframework\security\spring-security-crypto\6.4.4\spring-security-crypto-6.4.4.jar;D:\MavenRepository\.m2\repository\org\springframework\cloud\spring-cloud-commons\4.2.1\spring-cloud-commons-4.2.1.jar;D:\MavenRepository\.m2\repository\org\bouncycastle\bcprov-jdk18on\1.78.1\bcprov-jdk18on-1.78.1.jar;D:\MavenRepository\.m2\repository\org\springframework\integration\spring-integration-core\6.4.3\spring-integration-core-6.4.3.jar;D:\MavenRepository\.m2\repository\io\projectreactor\reactor-core\3.7.4\reactor-core-3.7.4.jar;D:\MavenRepository\.m2\repository\org\reactivestreams\reactive-streams\1.0.4\reactive-streams-1.0.4.jar;D:\MavenRepository\.m2\repository\org\springframework\kafka\spring-kafka\3.3.4\spring-kafka-3.3.4.jar;D:\MavenRepository\.m2\repository\org\springframework\spring-context\6.2.5\spring-context-6.2.5.jar;D:\MavenRepository\.m2\repository\org\springframework\spring-expression\6.2.5\spring-expression-6.2.5.jar;D:\MavenRepository\.m2\repository\org\springframework\spring-messaging\6.2.5\spring-messaging-6.2.5.jar;D:\MavenRepository\.m2\repository\org\springframework\spring-tx\6.2.5\spring-tx-6.2.5.jar;D:\MavenRepository\.m2\repository\org\springframework\retry\spring-retry\2.0.11\spring-retry-2.0.11.jar;D:\MavenRepository\.m2\repository\org\apache\kafka\kafka-clients\3.8.1\kafka-clients-3.8.1.jar;D:\MavenRepository\.m2\repository\com\github\luben\zstd-jni\1.5.6-4\zstd-jni-1.5.6-4.jar;D:\MavenRepository\.m2\repository\org\lz4\lz4-java\1.8.0\lz4-java-1.8.0.jar;D:\MavenRepository\.m2\repository\org\xerial\snappy\snappy-java\1.1.10.5\snappy-java-1.1.10.5.jar;D:\MavenRepository\.m2\repository\io\micrometer\micrometer-observation\1.14.5\micrometer-observation-1.14.5.jar;D:\MavenRepository\.m2\repository\io\micrometer\micrometer-commons\1.14.5\micrometer-commons-1.14.5.jar;D:\MavenRepository\.m2\repository\org\springframework\boot\spring-boot-starter-web\3.4.4\spring-boot-starter-web-3.4.4.jar;D:\MavenRepository\.m2\repository\org\springframework\boot\spring-boot-starter-json\3.4.4\spring-boot-starter-json-3.4.4.jar;D:\MavenRepository\.m2\repository\com\fasterxml\jackson\datatype\jackson-datatype-jdk8\2.18.3\jackson-datatype-jdk8-2.18.3.jar;D:\MavenRepository\.m2\repository\com\fasterxml\jackson\datatype\jackson-datatype-jsr310\2.18.3\jackson-datatype-jsr310-2.18.3.jar;D:\MavenRepository\.m2\repository\com\fasterxml\jackson\module\jackson-module-parameter-names\2.18.3\jackson-module-parameter-names-2.18.3.jar;D:\MavenRepository\.m2\repository\org\springframework\boot\spring-boot-starter-tomcat\3.4.4\spring-boot-starter-tomcat-3.4.4.jar;D:\MavenRepository\.m2\repository\org\apache\tomcat\embed\tomcat-embed-core\10.1.39\tomcat-embed-core-10.1.39.jar;D:\MavenRepository\.m2\repository\org\apache\tomcat\embed\tomcat-embed-el\10.1.39\tomcat-embed-el-10.1.39.jar;D:\MavenRepository\.m2\repository\org\apache\tomcat\embed\tomcat-embed-websocket\10.1.39\tomcat-embed-websocket-10.1.39.jar;D:\MavenRepository\.m2\repository\org\springframework\spring-web\6.2.5\spring-web-6.2.5.jar;D:\MavenRepository\.m2\repository\org\springframework\spring-webmvc\6.2.5\spring-webmvc-6.2.5.jar;D:\MavenRepository\.m2\repository\com\mysql\mysql-connector-j\8.0.33\mysql-connector-j-8.0.33.jar;D:\MavenRepository\.m2\repository\org\projectlombok\lombok\1.18.36\lombok-1.18.36.jar;D:\MavenRepository\.m2\repository\org\springframework\boot\spring-boot-starter-test\3.4.4\spring-boot-starter-test-3.4.4.jar;D:\MavenRepository\.m2\repository\org\springframework\boot\spring-boot-test\3.4.4\spring-boot-test-3.4.4.jar;D:\MavenRepository\.m2\repository\org\springframework\boot\spring-boot-test-autoconfigure\3.4.4\spring-boot-test-autoconfigure-3.4.4.jar;D:\MavenRepository\.m2\repository\com\jayway\jsonpath\json-path\2.9.0\json-path-2.9.0.jar;D:\MavenRepository\.m2\repository\jakarta\xml\bind\jakarta.xml.bind-api\4.0.2\jakarta.xml.bind-api-4.0.2.jar;D:\MavenRepository\.m2\repository\jakarta\activation\jakarta.activation-api\2.1.3\jakarta.activation-api-2.1.3.jar;D:\MavenRepository\.m2\repository\net\minidev\json-smart\2.5.2\json-smart-2.5.2.jar;D:\MavenRepository\.m2\repository\net\minidev\accessors-smart\2.5.2\accessors-smart-2.5.2.jar;D:\MavenRepository\.m2\repository\org\ow2\asm\asm\9.7.1\asm-9.7.1.jar;D:\MavenRepository\.m2\repository\org\assertj\assertj-core\3.26.3\assertj-core-3.26.3.jar;D:\MavenRepository\.m2\repository\org\awaitility\awaitility\4.2.2\awaitility-4.2.2.jar;D:\MavenRepository\.m2\repository\org\hamcrest\hamcrest\2.2\hamcrest-2.2.jar;D:\MavenRepository\.m2\repository\org\junit\jupiter\junit-jupiter\5.11.4\junit-jupiter-5.11.4.jar;D:\MavenRepository\.m2\repository\org\junit\jupiter\junit-jupiter-api\5.11.4\junit-jupiter-api-5.11.4.jar;D:\MavenRepository\.m2\repository\org\opentest4j\opentest4j\1.3.0\opentest4j-1.3.0.jar;D:\MavenRepository\.m2\repository\org\junit\platform\junit-platform-commons\1.11.4\junit-platform-commons-1.11.4.jar;D:\MavenRepository\.m2\repository\org\apiguardian\apiguardian-api\1.1.2\apiguardian-api-1.1.2.jar;D:\MavenRepository\.m2\repository\org\junit\jupiter\junit-jupiter-params\5.11.4\junit-jupiter-params-5.11.4.jar;D:\MavenRepository\.m2\repository\org\junit\jupiter\junit-jupiter-engine\5.11.4\junit-jupiter-engine-5.11.4.jar;D:\MavenRepository\.m2\repository\org\junit\platform\junit-platform-engine\1.11.4\junit-platform-engine-1.11.4.jar;D:\MavenRepository\.m2\repository\org\mockito\mockito-core\5.14.2\mockito-core-5.14.2.jar;D:\MavenRepository\.m2\repository\net\bytebuddy\byte-buddy-agent\1.15.11\byte-buddy-agent-1.15.11.jar;D:\MavenRepository\.m2\repository\org\objenesis\objenesis\3.3\objenesis-3.3.jar;D:\MavenRepository\.m2\repository\org\mockito\mockito-junit-jupiter\5.14.2\mockito-junit-jupiter-5.14.2.jar;D:\MavenRepository\.m2\repository\org\skyscreamer\jsonassert\1.5.3\jsonassert-1.5.3.jar;D:\MavenRepository\.m2\repository\com\vaadin\external\google\android-json\0.0.20131108.vaadin1\android-json-0.0.20131108.vaadin1.jar;D:\MavenRepository\.m2\repository\org\springframework\spring-core\6.2.5\spring-core-6.2.5.jar;D:\MavenRepository\.m2\repository\org\springframework\spring-jcl\6.2.5\spring-jcl-6.2.5.jar;D:\MavenRepository\.m2\repository\org\springframework\spring-test\6.2.5\spring-test-6.2.5.jar;D:\MavenRepository\.m2\repository\org\xmlunit\xmlunit-core\2.10.0\xmlunit-core-2.10.0.jar;D:\MavenRepository\.m2\repository\org\springframework\boot\spring-boot-starter-websocket\3.4.4\spring-boot-starter-websocket-3.4.4.jar;D:\MavenRepository\.m2\repository\org\springframework\spring-websocket\6.2.5\spring-websocket-6.2.5.jar;D:\MavenRepository\.m2\repository\com\fasterxml\jackson\core\jackson-databind\2.18.3\jackson-databind-2.18.3.jar;D:\MavenRepository\.m2\repository\com\fasterxml\jackson\core\jackson-annotations\2.18.3\jackson-annotations-2.18.3.jar;D:\MavenRepository\.m2\repository\com\fasterxml\jackson\core\jackson-core\2.18.3\jackson-core-2.18.3.jar;"/>
    <property name="java.vm.vendor" value="Oracle Corporation"/>
    <property name="sun.arch.data.model" value="64"/>
    <property name="user.variant" value=""/>
    <property name="java.vendor.url" value="https://java.oracle.com/"/>
    <property name="user.timezone" value="Asia/Shanghai"/>
    <property name="org.jboss.logging.provider" value="slf4j"/>
    <property name="os.name" value="Windows 10"/>
    <property name="java.vm.specification.version" value="17"/>
    <property name="APPLICATION_NAME" value="notification-service"/>
    <property name="sun.java.launcher" value="SUN_STANDARD"/>
    <property name="user.country" value="CN"/>
    <property name="sun.boot.library.path" value="D:\computerEnvironment\java17011\bin"/>
    <property name="sun.java.command" value="C:\Users\14113\AppData\Local\Temp\surefire17383593602658640194\surefirebooter-20250410161802501_3.jar C:\Users\14113\AppData\Local\Temp\surefire17383593602658640194 2025-04-10T16-17-58_582-jvmRun1 surefire-20250410161802501_1tmp surefire_0-20250410161802501_2tmp"/>
    <property name="jdk.debug" value="release"/>
    <property name="surefire.test.class.path" value="D:\学习内容\中软国际培训\PrivateWealthSuite\notification-service\target\test-classes;D:\学习内容\中软国际培训\PrivateWealthSuite\notification-service\target\classes;D:\MavenRepository\.m2\repository\org\springframework\boot\spring-boot-starter-data-jpa\3.4.4\spring-boot-starter-data-jpa-3.4.4.jar;D:\MavenRepository\.m2\repository\org\springframework\boot\spring-boot-starter\3.4.4\spring-boot-starter-3.4.4.jar;D:\MavenRepository\.m2\repository\org\springframework\boot\spring-boot\3.4.4\spring-boot-3.4.4.jar;D:\MavenRepository\.m2\repository\org\springframework\boot\spring-boot-autoconfigure\3.4.4\spring-boot-autoconfigure-3.4.4.jar;D:\MavenRepository\.m2\repository\org\springframework\boot\spring-boot-starter-logging\3.4.4\spring-boot-starter-logging-3.4.4.jar;D:\MavenRepository\.m2\repository\ch\qos\logback\logback-classic\1.5.18\logback-classic-1.5.18.jar;D:\MavenRepository\.m2\repository\ch\qos\logback\logback-core\1.5.18\logback-core-1.5.18.jar;D:\MavenRepository\.m2\repository\org\apache\logging\log4j\log4j-to-slf4j\2.24.3\log4j-to-slf4j-2.24.3.jar;D:\MavenRepository\.m2\repository\org\apache\logging\log4j\log4j-api\2.24.3\log4j-api-2.24.3.jar;D:\MavenRepository\.m2\repository\org\slf4j\jul-to-slf4j\2.0.17\jul-to-slf4j-2.0.17.jar;D:\MavenRepository\.m2\repository\jakarta\annotation\jakarta.annotation-api\2.1.1\jakarta.annotation-api-2.1.1.jar;D:\MavenRepository\.m2\repository\org\yaml\snakeyaml\2.3\snakeyaml-2.3.jar;D:\MavenRepository\.m2\repository\org\springframework\boot\spring-boot-starter-jdbc\3.4.4\spring-boot-starter-jdbc-3.4.4.jar;D:\MavenRepository\.m2\repository\com\zaxxer\HikariCP\5.1.0\HikariCP-5.1.0.jar;D:\MavenRepository\.m2\repository\org\springframework\spring-jdbc\6.2.5\spring-jdbc-6.2.5.jar;D:\MavenRepository\.m2\repository\org\hibernate\orm\hibernate-core\6.6.11.Final\hibernate-core-6.6.11.Final.jar;D:\MavenRepository\.m2\repository\jakarta\persistence\jakarta.persistence-api\3.1.0\jakarta.persistence-api-3.1.0.jar;D:\MavenRepository\.m2\repository\jakarta\transaction\jakarta.transaction-api\2.0.1\jakarta.transaction-api-2.0.1.jar;D:\MavenRepository\.m2\repository\org\jboss\logging\jboss-logging\3.6.1.Final\jboss-logging-3.6.1.Final.jar;D:\MavenRepository\.m2\repository\org\hibernate\common\hibernate-commons-annotations\7.0.3.Final\hibernate-commons-annotations-7.0.3.Final.jar;D:\MavenRepository\.m2\repository\io\smallrye\jandex\3.2.0\jandex-3.2.0.jar;D:\MavenRepository\.m2\repository\com\fasterxml\classmate\1.7.0\classmate-1.7.0.jar;D:\MavenRepository\.m2\repository\net\bytebuddy\byte-buddy\1.15.11\byte-buddy-1.15.11.jar;D:\MavenRepository\.m2\repository\org\glassfish\jaxb\jaxb-runtime\4.0.5\jaxb-runtime-4.0.5.jar;D:\MavenRepository\.m2\repository\org\glassfish\jaxb\jaxb-core\4.0.5\jaxb-core-4.0.5.jar;D:\MavenRepository\.m2\repository\org\eclipse\angus\angus-activation\2.0.2\angus-activation-2.0.2.jar;D:\MavenRepository\.m2\repository\org\glassfish\jaxb\txw2\4.0.5\txw2-4.0.5.jar;D:\MavenRepository\.m2\repository\com\sun\istack\istack-commons-runtime\4.1.2\istack-commons-runtime-4.1.2.jar;D:\MavenRepository\.m2\repository\jakarta\inject\jakarta.inject-api\2.0.1\jakarta.inject-api-2.0.1.jar;D:\MavenRepository\.m2\repository\org\antlr\antlr4-runtime\4.13.0\antlr4-runtime-4.13.0.jar;D:\MavenRepository\.m2\repository\org\springframework\data\spring-data-jpa\3.2.4\spring-data-jpa-3.2.4.jar;D:\MavenRepository\.m2\repository\org\springframework\data\spring-data-commons\3.4.4\spring-data-commons-3.4.4.jar;D:\MavenRepository\.m2\repository\org\springframework\spring-orm\6.2.5\spring-orm-6.2.5.jar;D:\MavenRepository\.m2\repository\org\springframework\spring-aop\6.2.5\spring-aop-6.2.5.jar;D:\MavenRepository\.m2\repository\org\springframework\spring-beans\6.2.5\spring-beans-6.2.5.jar;D:\MavenRepository\.m2\repository\org\slf4j\slf4j-api\2.0.17\slf4j-api-2.0.17.jar;D:\MavenRepository\.m2\repository\org\springframework\spring-aspects\6.2.5\spring-aspects-6.2.5.jar;D:\MavenRepository\.m2\repository\org\aspectj\aspectjweaver\1.9.23\aspectjweaver-1.9.23.jar;D:\MavenRepository\.m2\repository\org\springframework\cloud\spring-cloud-starter-bus-kafka\4.2.1\spring-cloud-starter-bus-kafka-4.2.1.jar;D:\MavenRepository\.m2\repository\org\springframework\cloud\spring-cloud-starter-stream-kafka\4.2.1\spring-cloud-starter-stream-kafka-4.2.1.jar;D:\MavenRepository\.m2\repository\org\springframework\cloud\spring-cloud-stream-binder-kafka\4.2.1\spring-cloud-stream-binder-kafka-4.2.1.jar;D:\MavenRepository\.m2\repository\org\springframework\cloud\spring-cloud-stream-binder-kafka-core\4.2.1\spring-cloud-stream-binder-kafka-core-4.2.1.jar;D:\MavenRepository\.m2\repository\org\springframework\integration\spring-integration-kafka\6.4.3\spring-integration-kafka-6.4.3.jar;D:\MavenRepository\.m2\repository\org\springframework\cloud\spring-cloud-stream\4.2.1\spring-cloud-stream-4.2.1.jar;D:\MavenRepository\.m2\repository\org\springframework\boot\spring-boot-starter-validation\3.4.4\spring-boot-starter-validation-3.4.4.jar;D:\MavenRepository\.m2\repository\org\hibernate\validator\hibernate-validator\8.0.2.Final\hibernate-validator-8.0.2.Final.jar;D:\MavenRepository\.m2\repository\jakarta\validation\jakarta.validation-api\3.0.2\jakarta.validation-api-3.0.2.jar;D:\MavenRepository\.m2\repository\org\springframework\integration\spring-integration-jmx\6.4.3\spring-integration-jmx-6.4.3.jar;D:\MavenRepository\.m2\repository\org\springframework\cloud\spring-cloud-function-context\4.2.2\spring-cloud-function-context-4.2.2.jar;D:\MavenRepository\.m2\repository\org\springframework\cloud\spring-cloud-function-core\4.2.2\spring-cloud-function-core-4.2.2.jar;D:\MavenRepository\.m2\repository\com\fasterxml\jackson\datatype\jackson-datatype-joda\2.18.3\jackson-datatype-joda-2.18.3.jar;D:\MavenRepository\.m2\repository\joda-time\joda-time\2.12.7\joda-time-2.12.7.jar;D:\MavenRepository\.m2\repository\org\springframework\cloud\spring-cloud-bus\4.2.1\spring-cloud-bus-4.2.1.jar;D:\MavenRepository\.m2\repository\org\springframework\cloud\spring-cloud-starter\4.2.1\spring-cloud-starter-4.2.1.jar;D:\MavenRepository\.m2\repository\org\springframework\cloud\spring-cloud-context\4.2.1\spring-cloud-context-4.2.1.jar;D:\MavenRepository\.m2\repository\org\springframework\security\spring-security-crypto\6.4.4\spring-security-crypto-6.4.4.jar;D:\MavenRepository\.m2\repository\org\springframework\cloud\spring-cloud-commons\4.2.1\spring-cloud-commons-4.2.1.jar;D:\MavenRepository\.m2\repository\org\bouncycastle\bcprov-jdk18on\1.78.1\bcprov-jdk18on-1.78.1.jar;D:\MavenRepository\.m2\repository\org\springframework\integration\spring-integration-core\6.4.3\spring-integration-core-6.4.3.jar;D:\MavenRepository\.m2\repository\io\projectreactor\reactor-core\3.7.4\reactor-core-3.7.4.jar;D:\MavenRepository\.m2\repository\org\reactivestreams\reactive-streams\1.0.4\reactive-streams-1.0.4.jar;D:\MavenRepository\.m2\repository\org\springframework\kafka\spring-kafka\3.3.4\spring-kafka-3.3.4.jar;D:\MavenRepository\.m2\repository\org\springframework\spring-context\6.2.5\spring-context-6.2.5.jar;D:\MavenRepository\.m2\repository\org\springframework\spring-expression\6.2.5\spring-expression-6.2.5.jar;D:\MavenRepository\.m2\repository\org\springframework\spring-messaging\6.2.5\spring-messaging-6.2.5.jar;D:\MavenRepository\.m2\repository\org\springframework\spring-tx\6.2.5\spring-tx-6.2.5.jar;D:\MavenRepository\.m2\repository\org\springframework\retry\spring-retry\2.0.11\spring-retry-2.0.11.jar;D:\MavenRepository\.m2\repository\org\apache\kafka\kafka-clients\3.8.1\kafka-clients-3.8.1.jar;D:\MavenRepository\.m2\repository\com\github\luben\zstd-jni\1.5.6-4\zstd-jni-1.5.6-4.jar;D:\MavenRepository\.m2\repository\org\lz4\lz4-java\1.8.0\lz4-java-1.8.0.jar;D:\MavenRepository\.m2\repository\org\xerial\snappy\snappy-java\1.1.10.5\snappy-java-1.1.10.5.jar;D:\MavenRepository\.m2\repository\io\micrometer\micrometer-observation\1.14.5\micrometer-observation-1.14.5.jar;D:\MavenRepository\.m2\repository\io\micrometer\micrometer-commons\1.14.5\micrometer-commons-1.14.5.jar;D:\MavenRepository\.m2\repository\org\springframework\boot\spring-boot-starter-web\3.4.4\spring-boot-starter-web-3.4.4.jar;D:\MavenRepository\.m2\repository\org\springframework\boot\spring-boot-starter-json\3.4.4\spring-boot-starter-json-3.4.4.jar;D:\MavenRepository\.m2\repository\com\fasterxml\jackson\datatype\jackson-datatype-jdk8\2.18.3\jackson-datatype-jdk8-2.18.3.jar;D:\MavenRepository\.m2\repository\com\fasterxml\jackson\datatype\jackson-datatype-jsr310\2.18.3\jackson-datatype-jsr310-2.18.3.jar;D:\MavenRepository\.m2\repository\com\fasterxml\jackson\module\jackson-module-parameter-names\2.18.3\jackson-module-parameter-names-2.18.3.jar;D:\MavenRepository\.m2\repository\org\springframework\boot\spring-boot-starter-tomcat\3.4.4\spring-boot-starter-tomcat-3.4.4.jar;D:\MavenRepository\.m2\repository\org\apache\tomcat\embed\tomcat-embed-core\10.1.39\tomcat-embed-core-10.1.39.jar;D:\MavenRepository\.m2\repository\org\apache\tomcat\embed\tomcat-embed-el\10.1.39\tomcat-embed-el-10.1.39.jar;D:\MavenRepository\.m2\repository\org\apache\tomcat\embed\tomcat-embed-websocket\10.1.39\tomcat-embed-websocket-10.1.39.jar;D:\MavenRepository\.m2\repository\org\springframework\spring-web\6.2.5\spring-web-6.2.5.jar;D:\MavenRepository\.m2\repository\org\springframework\spring-webmvc\6.2.5\spring-webmvc-6.2.5.jar;D:\MavenRepository\.m2\repository\com\mysql\mysql-connector-j\8.0.33\mysql-connector-j-8.0.33.jar;D:\MavenRepository\.m2\repository\org\projectlombok\lombok\1.18.36\lombok-1.18.36.jar;D:\MavenRepository\.m2\repository\org\springframework\boot\spring-boot-starter-test\3.4.4\spring-boot-starter-test-3.4.4.jar;D:\MavenRepository\.m2\repository\org\springframework\boot\spring-boot-test\3.4.4\spring-boot-test-3.4.4.jar;D:\MavenRepository\.m2\repository\org\springframework\boot\spring-boot-test-autoconfigure\3.4.4\spring-boot-test-autoconfigure-3.4.4.jar;D:\MavenRepository\.m2\repository\com\jayway\jsonpath\json-path\2.9.0\json-path-2.9.0.jar;D:\MavenRepository\.m2\repository\jakarta\xml\bind\jakarta.xml.bind-api\4.0.2\jakarta.xml.bind-api-4.0.2.jar;D:\MavenRepository\.m2\repository\jakarta\activation\jakarta.activation-api\2.1.3\jakarta.activation-api-2.1.3.jar;D:\MavenRepository\.m2\repository\net\minidev\json-smart\2.5.2\json-smart-2.5.2.jar;D:\MavenRepository\.m2\repository\net\minidev\accessors-smart\2.5.2\accessors-smart-2.5.2.jar;D:\MavenRepository\.m2\repository\org\ow2\asm\asm\9.7.1\asm-9.7.1.jar;D:\MavenRepository\.m2\repository\org\assertj\assertj-core\3.26.3\assertj-core-3.26.3.jar;D:\MavenRepository\.m2\repository\org\awaitility\awaitility\4.2.2\awaitility-4.2.2.jar;D:\MavenRepository\.m2\repository\org\hamcrest\hamcrest\2.2\hamcrest-2.2.jar;D:\MavenRepository\.m2\repository\org\junit\jupiter\junit-jupiter\5.11.4\junit-jupiter-5.11.4.jar;D:\MavenRepository\.m2\repository\org\junit\jupiter\junit-jupiter-api\5.11.4\junit-jupiter-api-5.11.4.jar;D:\MavenRepository\.m2\repository\org\opentest4j\opentest4j\1.3.0\opentest4j-1.3.0.jar;D:\MavenRepository\.m2\repository\org\junit\platform\junit-platform-commons\1.11.4\junit-platform-commons-1.11.4.jar;D:\MavenRepository\.m2\repository\org\apiguardian\apiguardian-api\1.1.2\apiguardian-api-1.1.2.jar;D:\MavenRepository\.m2\repository\org\junit\jupiter\junit-jupiter-params\5.11.4\junit-jupiter-params-5.11.4.jar;D:\MavenRepository\.m2\repository\org\junit\jupiter\junit-jupiter-engine\5.11.4\junit-jupiter-engine-5.11.4.jar;D:\MavenRepository\.m2\repository\org\junit\platform\junit-platform-engine\1.11.4\junit-platform-engine-1.11.4.jar;D:\MavenRepository\.m2\repository\org\mockito\mockito-core\5.14.2\mockito-core-5.14.2.jar;D:\MavenRepository\.m2\repository\net\bytebuddy\byte-buddy-agent\1.15.11\byte-buddy-agent-1.15.11.jar;D:\MavenRepository\.m2\repository\org\objenesis\objenesis\3.3\objenesis-3.3.jar;D:\MavenRepository\.m2\repository\org\mockito\mockito-junit-jupiter\5.14.2\mockito-junit-jupiter-5.14.2.jar;D:\MavenRepository\.m2\repository\org\skyscreamer\jsonassert\1.5.3\jsonassert-1.5.3.jar;D:\MavenRepository\.m2\repository\com\vaadin\external\google\android-json\0.0.20131108.vaadin1\android-json-0.0.20131108.vaadin1.jar;D:\MavenRepository\.m2\repository\org\springframework\spring-core\6.2.5\spring-core-6.2.5.jar;D:\MavenRepository\.m2\repository\org\springframework\spring-jcl\6.2.5\spring-jcl-6.2.5.jar;D:\MavenRepository\.m2\repository\org\springframework\spring-test\6.2.5\spring-test-6.2.5.jar;D:\MavenRepository\.m2\repository\org\xmlunit\xmlunit-core\2.10.0\xmlunit-core-2.10.0.jar;D:\MavenRepository\.m2\repository\org\springframework\boot\spring-boot-starter-websocket\3.4.4\spring-boot-starter-websocket-3.4.4.jar;D:\MavenRepository\.m2\repository\org\springframework\spring-websocket\6.2.5\spring-websocket-6.2.5.jar;D:\MavenRepository\.m2\repository\com\fasterxml\jackson\core\jackson-databind\2.18.3\jackson-databind-2.18.3.jar;D:\MavenRepository\.m2\repository\com\fasterxml\jackson\core\jackson-annotations\2.18.3\jackson-annotations-2.18.3.jar;D:\MavenRepository\.m2\repository\com\fasterxml\jackson\core\jackson-core\2.18.3\jackson-core-2.18.3.jar;"/>
    <property name="sun.cpu.endian" value="little"/>
    <property name="user.home" value="C:\Users\14113"/>
    <property name="user.language" value="zh"/>
    <property name="java.specification.vendor" value="Oracle Corporation"/>
    <property name="java.version.date" value="2024-04-16"/>
    <property name="java.home" value="D:\computerEnvironment\java17011"/>
    <property name="file.separator" value="\"/>
    <property name="basedir" value="D:\学习内容\中软国际培训\PrivateWealthSuite\notification-service"/>
    <property name="java.vm.compressedOopsMode" value="Zero based"/>
    <property name="line.separator" value="&#10;"/>
    <property name="java.vm.specification.vendor" value="Oracle Corporation"/>
    <property name="java.specification.name" value="Java Platform API Specification"/>
    <property name="FILE_LOG_CHARSET" value="GBK"/>
    <property name="java.awt.headless" value="true"/>
    <property name="surefire.real.class.path" value="C:\Users\14113\AppData\Local\Temp\surefire17383593602658640194\surefirebooter-20250410161802501_3.jar"/>
    <property name="user.script" value=""/>
    <property name="sun.management.compiler" value="HotSpot 64-Bit Tiered Compilers"/>
    <property name="java.runtime.version" value="17.0.11+7-LTS-207"/>
    <property name="user.name" value="14113"/>
    <property name="path.separator" value=";"/>
    <property name="os.version" value="10.0"/>
    <property name="java.runtime.name" value="Java(TM) SE Runtime Environment"/>
    <property name="file.encoding" value="GBK"/>
    <property name="java.vm.name" value="Java HotSpot(TM) 64-Bit Server VM"/>
    <property name="localRepository" value="D:\MavenRepository\.m2\repository"/>
    <property name="java.vendor.url.bug" value="https://bugreport.java.com/bugreport/"/>
    <property name="java.io.tmpdir" value="C:\Users\14113\AppData\Local\Temp\"/>
    <property name="idea.version" value="2021.1.1"/>
    <property name="com.zaxxer.hikari.pool_number" value="1"/>
    <property name="java.version" value="17.0.11"/>
    <property name="user.dir" value="D:\学习内容\中软国际培训\PrivateWealthSuite\notification-service"/>
    <property name="os.arch" value="amd64"/>
    <property name="java.vm.specification.name" value="Java Virtual Machine Specification"/>
    <property name="PID" value="35212"/>
    <property name="sun.os.patch.level" value=""/>
    <property name="CONSOLE_LOG_CHARSET" value="GBK"/>
    <property name="native.encoding" value="GBK"/>
    <property name="java.library.path" value="D:\computerEnvironment\java17011\bin;C:\WINDOWS\Sun\Java\bin;C:\WINDOWS\system32;C:\WINDOWS;C:\Program Files\Common Files\Oracle\Java\javapath;C:\Program Files (x86)\Common Files\Oracle\Java\javapath;C:\WINDOWS\system32;C:\WINDOWS;C:\WINDOWS\System32\Wbem;C:\WINDOWS\System32\WindowsPowerShell\v1.0\;C:\WINDOWS\System32\OpenSSH\;D:\computerEnvironment\apache-maven-3.9.2\bin;D:\computerEnvironment\java17011\bin;D:\computerEnvironment\Git\cmd;C:\Program Files (x86)\NVIDIA Corporation\PhysX\Common;C:\Program Files\NVIDIA Corporation\NVIDIA App\NvDLISR;C:\Program Files\dotnet\;d:\IDE\cursor\resources\app\bin;D:\computerEnvironment\nodeJs\;D:\computerEnvironment\apache-zookeeper-3.6.4-bin\bin;C:\Users\14113\AppData\Local\Microsoft\WindowsApps;D:\IDE\IntelliJ IDEA 2021.1.1\bin;;D:\IDE\Microsoft VS Code\bin;D:\IDE\cursor\resources\app\bin;C:\Users\14113\AppData\Roaming\npm;."/>
    <property name="java.vm.info" value="mixed mode, sharing"/>
    <property name="java.vendor" value="Oracle Corporation"/>
    <property name="java.vm.version" value="17.0.11+7-LTS-207"/>
    <property name="sun.io.unicode.encoding" value="UnicodeLittle"/>
    <property name="java.class.version" value="61.0"/>
    <property name="LOGGED_APPLICATION_NAME" value="[notification-service] "/>
  </properties>
  <testcase name="testKafkaAndWebSocket" classname="com.alxy.notificationservice.NotificationServiceApplicationTests" time="5.585">
    <system-out><![CDATA[16:18:03.096 [main] INFO org.springframework.test.context.support.AnnotationConfigContextLoaderUtils -- Could not detect default configuration classes for test class [com.alxy.notificationservice.NotificationServiceApplicationTests]: NotificationServiceApplicationTests does not declare any static, non-private, non-final, nested classes annotated with @Configuration.
16:18:03.173 [main] INFO org.springframework.boot.test.context.SpringBootTestContextBootstrapper -- Found @SpringBootConfiguration com.alxy.notificationservice.NotificationServiceApplication for test class com.alxy.notificationservice.NotificationServiceApplicationTests

  .   ____          _            __ _ _
 /\\ / ___'_ __ _ _(_)_ __  __ _ \ \ \ \
( ( )\___ | '_ | '_| | '_ \/ _` | \ \ \ \
 \\/  ___)| |_)| | | | | || (_| |  ) ) ) )
  '  |____| .__|_| |_|_| |_\__, | / / / /
 =========|_|==============|___/=/_/_/_/

 :: Spring Boot ::                (v3.4.4)

2025-04-10T16:18:03.688+08:00  INFO 35212 --- [notification-service] [           main] .a.n.NotificationServiceApplicationTests : Starting NotificationServiceApplicationTests using Java 17.0.11 with PID 35212 (started by 14113 in D:\学习内容\中软国际培训\PrivateWealthSuite\notification-service)
2025-04-10T16:18:03.690+08:00  INFO 35212 --- [notification-service] [           main] .a.n.NotificationServiceApplicationTests : No active profile set, falling back to 1 default profile: "default"
2025-04-10T16:18:04.283+08:00  INFO 35212 --- [notification-service] [           main] .s.d.r.c.RepositoryConfigurationDelegate : Bootstrapping Spring Data JPA repositories in DEFAULT mode.
2025-04-10T16:18:04.403+08:00  INFO 35212 --- [notification-service] [           main] .s.d.r.c.RepositoryConfigurationDelegate : Finished Spring Data repository scanning in 111 ms. Found 1 JPA repository interface.
2025-04-10T16:18:04.569+08:00  INFO 35212 --- [notification-service] [           main] faultConfiguringBeanFactoryPostProcessor : No bean named 'errorChannel' has been explicitly defined. Therefore, a default PublishSubscribeChannel will be created.
2025-04-10T16:18:04.575+08:00  INFO 35212 --- [notification-service] [           main] faultConfiguringBeanFactoryPostProcessor : No bean named 'integrationHeaderChannelRegistry' has been explicitly defined. Therefore, a default DefaultHeaderChannelRegistry will be created.
2025-04-10T16:18:04.677+08:00  INFO 35212 --- [notification-service] [           main] o.s.cloud.context.scope.GenericScope     : BeanFactory id=c629b735-8e9d-3272-98be-b61d3d2e1095
2025-04-10T16:18:04.965+08:00  INFO 35212 --- [notification-service] [           main] o.hibernate.jpa.internal.util.LogHelper  : HHH000204: Processing PersistenceUnitInfo [name: default]
2025-04-10T16:18:05.031+08:00  INFO 35212 --- [notification-service] [           main] org.hibernate.Version                    : HHH000412: Hibernate ORM core version 6.6.11.Final
2025-04-10T16:18:05.069+08:00  INFO 35212 --- [notification-service] [           main] o.h.c.internal.RegionFactoryInitiator    : HHH000026: Second-level cache disabled
2025-04-10T16:18:05.307+08:00  INFO 35212 --- [notification-service] [           main] o.s.o.j.p.SpringPersistenceUnitInfo      : No LoadTimeWeaver setup: ignoring JPA class transformer
2025-04-10T16:18:05.334+08:00  INFO 35212 --- [notification-service] [           main] com.zaxxer.hikari.HikariDataSource       : HikariPool-1 - Starting...
2025-04-10T16:18:05.435+08:00  INFO 35212 --- [notification-service] [           main] com.zaxxer.hikari.pool.HikariPool        : HikariPool-1 - Added connection com.mysql.cj.jdbc.ConnectionImpl@737ff5c4
2025-04-10T16:18:05.437+08:00  INFO 35212 --- [notification-service] [           main] com.zaxxer.hikari.HikariDataSource       : HikariPool-1 - Start completed.
2025-04-10T16:18:05.467+08:00  WARN 35212 --- [notification-service] [           main] org.hibernate.orm.deprecation            : HHH90000025: MySQL8Dialect does not need to be specified explicitly using 'hibernate.dialect' (remove the property setting and it will be selected by default)
2025-04-10T16:18:05.467+08:00  WARN 35212 --- [notification-service] [           main] org.hibernate.orm.deprecation            : HHH90000026: MySQL8Dialect has been deprecated; use org.hibernate.dialect.MySQLDialect instead
2025-04-10T16:18:05.480+08:00  INFO 35212 --- [notification-service] [           main] org.hibernate.orm.connections.pooling    : HHH10001005: Database info:
	Database JDBC URL [Connecting through datasource 'HikariDataSource (HikariPool-1)']
	Database driver: undefined/unknown
	Database version: 8.0
	Autocommit mode: undefined/unknown
	Isolation level: undefined/unknown
	Minimum pool size: undefined/unknown
	Maximum pool size: undefined/unknown
2025-04-10T16:18:06.061+08:00  INFO 35212 --- [notification-service] [           main] o.h.e.t.j.p.i.JtaPlatformInitiator       : HHH000489: No JTA platform available (set 'hibernate.transaction.jta.platform' to enable JTA platform integration)
Hibernate: create table notifications (notification_id varchar(255) not null, client_id varchar(255), content varchar(255), create_at datetime(6), `read` bit, type varchar(255), primary key (notification_id)) engine=InnoDB
2025-04-10T16:18:06.119+08:00  INFO 35212 --- [notification-service] [           main] j.LocalContainerEntityManagerFactoryBean : Initialized JPA EntityManagerFactory for persistence unit 'default'
2025-04-10T16:18:06.713+08:00  WARN 35212 --- [notification-service] [           main] JpaBaseConfiguration$JpaWebConfiguration : spring.jpa.open-in-view is enabled by default. Therefore, database queries may be performed during view rendering. Explicitly configure spring.jpa.open-in-view to disable this warning
2025-04-10T16:18:07.649+08:00  INFO 35212 --- [notification-service] [           main] o.s.c.s.m.DirectWithAttributesChannel    : Channel 'notification-service.springCloudBusInput' has 1 subscriber(s).
2025-04-10T16:18:07.758+08:00  INFO 35212 --- [notification-service] [           main] o.s.i.endpoint.EventDrivenConsumer       : Adding {logging-channel-adapter:_org.springframework.integration.errorLogger} as a subscriber to the 'errorChannel' channel
2025-04-10T16:18:07.758+08:00  INFO 35212 --- [notification-service] [           main] o.s.i.channel.PublishSubscribeChannel    : Channel 'notification-service.errorChannel' has 1 subscriber(s).
2025-04-10T16:18:07.758+08:00  INFO 35212 --- [notification-service] [           main] o.s.i.endpoint.EventDrivenConsumer       : started bean '_org.springframework.integration.errorLogger'
2025-04-10T16:18:07.759+08:00  INFO 35212 --- [notification-service] [           main] o.s.m.s.b.SimpleBrokerMessageHandler     : Starting...
2025-04-10T16:18:07.759+08:00  INFO 35212 --- [notification-service] [           main] o.s.m.s.b.SimpleBrokerMessageHandler     : BrokerAvailabilityEvent[available=true, SimpleBrokerMessageHandler [org.springframework.messaging.simp.broker.DefaultSubscriptionRegistry@7a5b561b]]
2025-04-10T16:18:07.760+08:00  INFO 35212 --- [notification-service] [           main] o.s.m.s.b.SimpleBrokerMessageHandler     : Started.
2025-04-10T16:18:07.761+08:00  INFO 35212 --- [notification-service] [           main] o.s.c.s.binder.DefaultBinderFactory      : Creating binder: kafka
2025-04-10T16:18:07.761+08:00  INFO 35212 --- [notification-service] [           main] o.s.c.s.binder.DefaultBinderFactory      : Constructing binder child context for kafka
2025-04-10T16:18:07.838+08:00  INFO 35212 --- [notification-service] [           main] o.s.c.s.binder.DefaultBinderFactory      : Caching the binder: kafka
2025-04-10T16:18:07.849+08:00  INFO 35212 --- [notification-service] [           main] o.a.k.clients.admin.AdminClientConfig    : AdminClientConfig values: 
	auto.include.jmx.reporter = true
	bootstrap.controllers = []
	bootstrap.servers = [localhost:9092]
	client.dns.lookup = use_all_dns_ips
	client.id = 
	connections.max.idle.ms = 300000
	default.api.timeout.ms = 60000
	enable.metrics.push = true
	metadata.max.age.ms = 300000
	metadata.recovery.strategy = none
	metric.reporters = []
	metrics.num.samples = 2
	metrics.recording.level = INFO
	metrics.sample.window.ms = 30000
	receive.buffer.bytes = 65536
	reconnect.backoff.max.ms = 1000
	reconnect.backoff.ms = 50
	request.timeout.ms = 30000
	retries = 2147483647
	retry.backoff.max.ms = 1000
	retry.backoff.ms = 100
	sasl.client.callback.handler.class = null
	sasl.jaas.config = null
	sasl.kerberos.kinit.cmd = /usr/bin/kinit
	sasl.kerberos.min.time.before.relogin = 60000
	sasl.kerberos.service.name = null
	sasl.kerberos.ticket.renew.jitter = 0.05
	sasl.kerberos.ticket.renew.window.factor = 0.8
	sasl.login.callback.handler.class = null
	sasl.login.class = null
	sasl.login.connect.timeout.ms = null
	sasl.login.read.timeout.ms = null
	sasl.login.refresh.buffer.seconds = 300
	sasl.login.refresh.min.period.seconds = 60
	sasl.login.refresh.window.factor = 0.8
	sasl.login.refresh.window.jitter = 0.05
	sasl.login.retry.backoff.max.ms = 10000
	sasl.login.retry.backoff.ms = 100
	sasl.mechanism = GSSAPI
	sasl.oauthbearer.clock.skew.seconds = 30
	sasl.oauthbearer.expected.audience = null
	sasl.oauthbearer.expected.issuer = null
	sasl.oauthbearer.jwks.endpoint.refresh.ms = 3600000
	sasl.oauthbearer.jwks.endpoint.retry.backoff.max.ms = 10000
	sasl.oauthbearer.jwks.endpoint.retry.backoff.ms = 100
	sasl.oauthbearer.jwks.endpoint.url = null
	sasl.oauthbearer.scope.claim.name = scope
	sasl.oauthbearer.sub.claim.name = sub
	sasl.oauthbearer.token.endpoint.url = null
	security.protocol = PLAINTEXT
	security.providers = null
	send.buffer.bytes = 131072
	socket.connection.setup.timeout.max.ms = 30000
	socket.connection.setup.timeout.ms = 10000
	ssl.cipher.suites = null
	ssl.enabled.protocols = [TLSv1.2, TLSv1.3]
	ssl.endpoint.identification.algorithm = https
	ssl.engine.factory.class = null
	ssl.key.password = null
	ssl.keymanager.algorithm = SunX509
	ssl.keystore.certificate.chain = null
	ssl.keystore.key = null
	ssl.keystore.location = null
	ssl.keystore.password = null
	ssl.keystore.type = JKS
	ssl.protocol = TLSv1.3
	ssl.provider = null
	ssl.secure.random.implementation = null
	ssl.trustmanager.algorithm = PKIX
	ssl.truststore.certificates = null
	ssl.truststore.location = null
	ssl.truststore.password = null
	ssl.truststore.type = JKS

2025-04-10T16:18:07.969+08:00  INFO 35212 --- [notification-service] [           main] o.a.kafka.common.utils.AppInfoParser     : Kafka version: 3.8.1
2025-04-10T16:18:07.969+08:00  INFO 35212 --- [notification-service] [           main] o.a.kafka.common.utils.AppInfoParser     : Kafka commitId: 70d6ff42debf7e17
2025-04-10T16:18:07.969+08:00  INFO 35212 --- [notification-service] [           main] o.a.kafka.common.utils.AppInfoParser     : Kafka startTimeMs: 1744273087968
2025-04-10T16:18:08.204+08:00  WARN 35212 --- [notification-service] [| adminclient-1] o.a.k.clients.admin.KafkaAdminClient     : [AdminClient clientId=adminclient-1] The DescribeTopicPartitions API is not supported, using Metadata API to describe topics.
2025-04-10T16:18:08.209+08:00  WARN 35212 --- [notification-service] [| adminclient-1] o.a.k.clients.admin.KafkaAdminClient     : [AdminClient clientId=adminclient-1] The DescribeTopicPartitions API is not supported, using Metadata API to describe topics.
2025-04-10T16:18:08.210+08:00  INFO 35212 --- [notification-service] [| adminclient-1] o.a.kafka.common.utils.AppInfoParser     : App info kafka.admin.client for adminclient-1 unregistered
2025-04-10T16:18:08.212+08:00  INFO 35212 --- [notification-service] [| adminclient-1] o.apache.kafka.common.metrics.Metrics    : Metrics scheduler closed
2025-04-10T16:18:08.212+08:00  INFO 35212 --- [notification-service] [| adminclient-1] o.apache.kafka.common.metrics.Metrics    : Closing reporter org.apache.kafka.common.metrics.JmxReporter
2025-04-10T16:18:08.213+08:00  INFO 35212 --- [notification-service] [| adminclient-1] o.apache.kafka.common.metrics.Metrics    : Metrics reporters closed
2025-04-10T16:18:08.215+08:00  WARN 35212 --- [notification-service] [           main] b.k.p.KafkaBinderConfigurationProperties : Ignoring provided value(s) for 'group.id'. Use spring.cloud.stream.default.group or spring.cloud.stream.binding.<name>.group to specify the group instead of group.id
2025-04-10T16:18:08.221+08:00  INFO 35212 --- [notification-service] [           main] o.a.k.clients.consumer.ConsumerConfig    : ConsumerConfig values: 
	allow.auto.create.topics = true
	auto.commit.interval.ms = 100
	auto.include.jmx.reporter = true
	auto.offset.reset = earliest
	bootstrap.servers = [localhost:9092]
	check.crcs = true
	client.dns.lookup = use_all_dns_ips
	client.id = consumer-anonymous.80ebf885-f456-4dde-9b78-2a7cd51f5af1-1
	client.rack = 
	connections.max.idle.ms = 540000
	default.api.timeout.ms = 60000
	enable.auto.commit = false
	enable.metrics.push = true
	exclude.internal.topics = true
	fetch.max.bytes = 52428800
	fetch.max.wait.ms = 500
	fetch.min.bytes = 1
	group.id = anonymous.80ebf885-f456-4dde-9b78-2a7cd51f5af1
	group.instance.id = null
	group.protocol = classic
	group.remote.assignor = null
	heartbeat.interval.ms = 3000
	interceptor.classes = []
	internal.leave.group.on.close = true
	internal.throw.on.fetch.stable.offset.unsupported = false
	isolation.level = read_uncommitted
	key.deserializer = class org.apache.kafka.common.serialization.StringDeserializer
	max.partition.fetch.bytes = 1048576
	max.poll.interval.ms = 300000
	max.poll.records = 500
	metadata.max.age.ms = 300000
	metadata.recovery.strategy = none
	metric.reporters = []
	metrics.num.samples = 2
	metrics.recording.level = INFO
	metrics.sample.window.ms = 30000
	partition.assignment.strategy = [class org.apache.kafka.clients.consumer.RangeAssignor, class org.apache.kafka.clients.consumer.CooperativeStickyAssignor]
	receive.buffer.bytes = 65536
	reconnect.backoff.max.ms = 1000
	reconnect.backoff.ms = 50
	request.timeout.ms = 30000
	retry.backoff.max.ms = 1000
	retry.backoff.ms = 100
	sasl.client.callback.handler.class = null
	sasl.jaas.config = null
	sasl.kerberos.kinit.cmd = /usr/bin/kinit
	sasl.kerberos.min.time.before.relogin = 60000
	sasl.kerberos.service.name = null
	sasl.kerberos.ticket.renew.jitter = 0.05
	sasl.kerberos.ticket.renew.window.factor = 0.8
	sasl.login.callback.handler.class = null
	sasl.login.class = null
	sasl.login.connect.timeout.ms = null
	sasl.login.read.timeout.ms = null
	sasl.login.refresh.buffer.seconds = 300
	sasl.login.refresh.min.period.seconds = 60
	sasl.login.refresh.window.factor = 0.8
	sasl.login.refresh.window.jitter = 0.05
	sasl.login.retry.backoff.max.ms = 10000
	sasl.login.retry.backoff.ms = 100
	sasl.mechanism = GSSAPI
	sasl.oauthbearer.clock.skew.seconds = 30
	sasl.oauthbearer.expected.audience = null
	sasl.oauthbearer.expected.issuer = null
	sasl.oauthbearer.jwks.endpoint.refresh.ms = 3600000
	sasl.oauthbearer.jwks.endpoint.retry.backoff.max.ms = 10000
	sasl.oauthbearer.jwks.endpoint.retry.backoff.ms = 100
	sasl.oauthbearer.jwks.endpoint.url = null
	sasl.oauthbearer.scope.claim.name = scope
	sasl.oauthbearer.sub.claim.name = sub
	sasl.oauthbearer.token.endpoint.url = null
	security.protocol = PLAINTEXT
	security.providers = null
	send.buffer.bytes = 131072
	session.timeout.ms = 45000
	socket.connection.setup.timeout.max.ms = 30000
	socket.connection.setup.timeout.ms = 10000
	ssl.cipher.suites = null
	ssl.enabled.protocols = [TLSv1.2, TLSv1.3]
	ssl.endpoint.identification.algorithm = https
	ssl.engine.factory.class = null
	ssl.key.password = null
	ssl.keymanager.algorithm = SunX509
	ssl.keystore.certificate.chain = null
	ssl.keystore.key = null
	ssl.keystore.location = null
	ssl.keystore.password = null
	ssl.keystore.type = JKS
	ssl.protocol = TLSv1.3
	ssl.provider = null
	ssl.secure.random.implementation = null
	ssl.trustmanager.algorithm = PKIX
	ssl.truststore.certificates = null
	ssl.truststore.location = null
	ssl.truststore.password = null
	ssl.truststore.type = JKS
	value.deserializer = class org.apache.kafka.common.serialization.StringDeserializer

2025-04-10T16:18:08.246+08:00  INFO 35212 --- [notification-service] [           main] o.a.k.c.t.i.KafkaMetricsCollector        : initializing Kafka metrics collector
2025-04-10T16:18:08.281+08:00  INFO 35212 --- [notification-service] [           main] o.a.kafka.common.utils.AppInfoParser     : Kafka version: 3.8.1
2025-04-10T16:18:08.282+08:00  INFO 35212 --- [notification-service] [           main] o.a.kafka.common.utils.AppInfoParser     : Kafka commitId: 70d6ff42debf7e17
2025-04-10T16:18:08.282+08:00  INFO 35212 --- [notification-service] [           main] o.a.kafka.common.utils.AppInfoParser     : Kafka startTimeMs: 1744273088281
2025-04-10T16:18:08.288+08:00  INFO 35212 --- [notification-service] [           main] org.apache.kafka.clients.Metadata        : [Consumer clientId=consumer-anonymous.80ebf885-f456-4dde-9b78-2a7cd51f5af1-1, groupId=anonymous.80ebf885-f456-4dde-9b78-2a7cd51f5af1] Cluster ID: lZSf4d7LSwyTn1BV_Q6Bmw
2025-04-10T16:18:08.289+08:00  INFO 35212 --- [notification-service] [           main] o.a.k.c.c.internals.ConsumerCoordinator  : [Consumer clientId=consumer-anonymous.80ebf885-f456-4dde-9b78-2a7cd51f5af1-1, groupId=anonymous.80ebf885-f456-4dde-9b78-2a7cd51f5af1] Resetting generation and member id due to: consumer pro-actively leaving the group
2025-04-10T16:18:08.289+08:00  INFO 35212 --- [notification-service] [           main] o.a.k.c.c.internals.ConsumerCoordinator  : [Consumer clientId=consumer-anonymous.80ebf885-f456-4dde-9b78-2a7cd51f5af1-1, groupId=anonymous.80ebf885-f456-4dde-9b78-2a7cd51f5af1] Request joining group due to: consumer pro-actively leaving the group
2025-04-10T16:18:08.292+08:00  INFO 35212 --- [notification-service] [           main] o.apache.kafka.common.metrics.Metrics    : Metrics scheduler closed
2025-04-10T16:18:08.292+08:00  INFO 35212 --- [notification-service] [           main] o.apache.kafka.common.metrics.Metrics    : Closing reporter org.apache.kafka.common.metrics.JmxReporter
2025-04-10T16:18:08.292+08:00  INFO 35212 --- [notification-service] [           main] o.apache.kafka.common.metrics.Metrics    : Closing reporter org.apache.kafka.common.telemetry.internals.ClientTelemetryReporter
2025-04-10T16:18:08.292+08:00  INFO 35212 --- [notification-service] [           main] o.apache.kafka.common.metrics.Metrics    : Metrics reporters closed
2025-04-10T16:18:08.294+08:00  INFO 35212 --- [notification-service] [           main] o.a.kafka.common.utils.AppInfoParser     : App info kafka.consumer for consumer-anonymous.80ebf885-f456-4dde-9b78-2a7cd51f5af1-1 unregistered
2025-04-10T16:18:08.303+08:00  INFO 35212 --- [notification-service] [           main] o.s.c.stream.binder.BinderErrorChannel   : Channel 'kafka-744809168.springCloudBusInput.errors' has 1 subscriber(s).
2025-04-10T16:18:08.304+08:00  INFO 35212 --- [notification-service] [           main] o.s.c.stream.binder.BinderErrorChannel   : Channel 'kafka-744809168.springCloudBusInput.errors' has 0 subscriber(s).
2025-04-10T16:18:08.304+08:00  INFO 35212 --- [notification-service] [           main] o.s.c.stream.binder.BinderErrorChannel   : Channel 'kafka-744809168.springCloudBusInput.errors' has 1 subscriber(s).
2025-04-10T16:18:08.304+08:00  INFO 35212 --- [notification-service] [           main] o.s.c.stream.binder.BinderErrorChannel   : Channel 'kafka-744809168.springCloudBusInput.errors' has 2 subscriber(s).
2025-04-10T16:18:08.319+08:00  INFO 35212 --- [notification-service] [           main] o.a.k.clients.consumer.ConsumerConfig    : ConsumerConfig values: 
	allow.auto.create.topics = true
	auto.commit.interval.ms = 100
	auto.include.jmx.reporter = true
	auto.offset.reset = earliest
	bootstrap.servers = [localhost:9092]
	check.crcs = true
	client.dns.lookup = use_all_dns_ips
	client.id = consumer-anonymous.80ebf885-f456-4dde-9b78-2a7cd51f5af1-2
	client.rack = 
	connections.max.idle.ms = 540000
	default.api.timeout.ms = 60000
	enable.auto.commit = false
	enable.metrics.push = true
	exclude.internal.topics = true
	fetch.max.bytes = 52428800
	fetch.max.wait.ms = 500
	fetch.min.bytes = 1
	group.id = anonymous.80ebf885-f456-4dde-9b78-2a7cd51f5af1
	group.instance.id = null
	group.protocol = classic
	group.remote.assignor = null
	heartbeat.interval.ms = 3000
	interceptor.classes = []
	internal.leave.group.on.close = true
	internal.throw.on.fetch.stable.offset.unsupported = false
	isolation.level = read_uncommitted
	key.deserializer = class org.apache.kafka.common.serialization.StringDeserializer
	max.partition.fetch.bytes = 1048576
	max.poll.interval.ms = 300000
	max.poll.records = 500
	metadata.max.age.ms = 300000
	metadata.recovery.strategy = none
	metric.reporters = []
	metrics.num.samples = 2
	metrics.recording.level = INFO
	metrics.sample.window.ms = 30000
	partition.assignment.strategy = [class org.apache.kafka.clients.consumer.RangeAssignor, class org.apache.kafka.clients.consumer.CooperativeStickyAssignor]
	receive.buffer.bytes = 65536
	reconnect.backoff.max.ms = 1000
	reconnect.backoff.ms = 50
	request.timeout.ms = 30000
	retry.backoff.max.ms = 1000
	retry.backoff.ms = 100
	sasl.client.callback.handler.class = null
	sasl.jaas.config = null
	sasl.kerberos.kinit.cmd = /usr/bin/kinit
	sasl.kerberos.min.time.before.relogin = 60000
	sasl.kerberos.service.name = null
	sasl.kerberos.ticket.renew.jitter = 0.05
	sasl.kerberos.ticket.renew.window.factor = 0.8
	sasl.login.callback.handler.class = null
	sasl.login.class = null
	sasl.login.connect.timeout.ms = null
	sasl.login.read.timeout.ms = null
	sasl.login.refresh.buffer.seconds = 300
	sasl.login.refresh.min.period.seconds = 60
	sasl.login.refresh.window.factor = 0.8
	sasl.login.refresh.window.jitter = 0.05
	sasl.login.retry.backoff.max.ms = 10000
	sasl.login.retry.backoff.ms = 100
	sasl.mechanism = GSSAPI
	sasl.oauthbearer.clock.skew.seconds = 30
	sasl.oauthbearer.expected.audience = null
	sasl.oauthbearer.expected.issuer = null
	sasl.oauthbearer.jwks.endpoint.refresh.ms = 3600000
	sasl.oauthbearer.jwks.endpoint.retry.backoff.max.ms = 10000
	sasl.oauthbearer.jwks.endpoint.retry.backoff.ms = 100
	sasl.oauthbearer.jwks.endpoint.url = null
	sasl.oauthbearer.scope.claim.name = scope
	sasl.oauthbearer.sub.claim.name = sub
	sasl.oauthbearer.token.endpoint.url = null
	security.protocol = PLAINTEXT
	security.providers = null
	send.buffer.bytes = 131072
	session.timeout.ms = 45000
	socket.connection.setup.timeout.max.ms = 30000
	socket.connection.setup.timeout.ms = 10000
	ssl.cipher.suites = null
	ssl.enabled.protocols = [TLSv1.2, TLSv1.3]
	ssl.endpoint.identification.algorithm = https
	ssl.engine.factory.class = null
	ssl.key.password = null
	ssl.keymanager.algorithm = SunX509
	ssl.keystore.certificate.chain = null
	ssl.keystore.key = null
	ssl.keystore.location = null
	ssl.keystore.password = null
	ssl.keystore.type = JKS
	ssl.protocol = TLSv1.3
	ssl.provider = null
	ssl.secure.random.implementation = null
	ssl.trustmanager.algorithm = PKIX
	ssl.truststore.certificates = null
	ssl.truststore.location = null
	ssl.truststore.password = null
	ssl.truststore.type = JKS
	value.deserializer = class org.apache.kafka.common.serialization.StringDeserializer

2025-04-10T16:18:08.320+08:00  INFO 35212 --- [notification-service] [           main] o.a.k.c.t.i.KafkaMetricsCollector        : initializing Kafka metrics collector
2025-04-10T16:18:08.324+08:00  INFO 35212 --- [notification-service] [           main] o.a.kafka.common.utils.AppInfoParser     : Kafka version: 3.8.1
2025-04-10T16:18:08.324+08:00  INFO 35212 --- [notification-service] [           main] o.a.kafka.common.utils.AppInfoParser     : Kafka commitId: 70d6ff42debf7e17
2025-04-10T16:18:08.324+08:00  INFO 35212 --- [notification-service] [           main] o.a.kafka.common.utils.AppInfoParser     : Kafka startTimeMs: 1744273088324
2025-04-10T16:18:08.325+08:00  INFO 35212 --- [notification-service] [           main] o.a.k.c.c.internals.LegacyKafkaConsumer  : [Consumer clientId=consumer-anonymous.80ebf885-f456-4dde-9b78-2a7cd51f5af1-2, groupId=anonymous.80ebf885-f456-4dde-9b78-2a7cd51f5af1] Subscribed to topic(s): springCloudBus
2025-04-10T16:18:08.328+08:00  INFO 35212 --- [notification-service] [           main] s.i.k.i.KafkaMessageDrivenChannelAdapter : started org.springframework.integration.kafka.inbound.KafkaMessageDrivenChannelAdapter@62a193e0
2025-04-10T16:18:08.331+08:00  INFO 35212 --- [notification-service] [           main] o.a.k.clients.consumer.ConsumerConfig    : ConsumerConfig values: 
	allow.auto.create.topics = true
	auto.commit.interval.ms = 5000
	auto.include.jmx.reporter = true
	auto.offset.reset = latest
	bootstrap.servers = [localhost:9092]
	check.crcs = true
	client.dns.lookup = use_all_dns_ips
	client.id = consumer-notification-group-3
	client.rack = 
	connections.max.idle.ms = 540000
	default.api.timeout.ms = 60000
	enable.auto.commit = false
	enable.metrics.push = true
	exclude.internal.topics = true
	fetch.max.bytes = 52428800
	fetch.max.wait.ms = 500
	fetch.min.bytes = 1
	group.id = notification-group
	group.instance.id = null
	group.protocol = classic
	group.remote.assignor = null
	heartbeat.interval.ms = 3000
	interceptor.classes = []
	internal.leave.group.on.close = true
	internal.throw.on.fetch.stable.offset.unsupported = false
	isolation.level = read_uncommitted
	key.deserializer = class org.apache.kafka.common.serialization.StringDeserializer
	max.partition.fetch.bytes = 1048576
	max.poll.interval.ms = 300000
	max.poll.records = 500
	metadata.max.age.ms = 300000
	metadata.recovery.strategy = none
	metric.reporters = []
	metrics.num.samples = 2
	metrics.recording.level = INFO
	metrics.sample.window.ms = 30000
	partition.assignment.strategy = [class org.apache.kafka.clients.consumer.RangeAssignor, class org.apache.kafka.clients.consumer.CooperativeStickyAssignor]
	receive.buffer.bytes = 65536
	reconnect.backoff.max.ms = 1000
	reconnect.backoff.ms = 50
	request.timeout.ms = 30000
	retry.backoff.max.ms = 1000
	retry.backoff.ms = 100
	sasl.client.callback.handler.class = null
	sasl.jaas.config = null
	sasl.kerberos.kinit.cmd = /usr/bin/kinit
	sasl.kerberos.min.time.before.relogin = 60000
	sasl.kerberos.service.name = null
	sasl.kerberos.ticket.renew.jitter = 0.05
	sasl.kerberos.ticket.renew.window.factor = 0.8
	sasl.login.callback.handler.class = null
	sasl.login.class = null
	sasl.login.connect.timeout.ms = null
	sasl.login.read.timeout.ms = null
	sasl.login.refresh.buffer.seconds = 300
	sasl.login.refresh.min.period.seconds = 60
	sasl.login.refresh.window.factor = 0.8
	sasl.login.refresh.window.jitter = 0.05
	sasl.login.retry.backoff.max.ms = 10000
	sasl.login.retry.backoff.ms = 100
	sasl.mechanism = GSSAPI
	sasl.oauthbearer.clock.skew.seconds = 30
	sasl.oauthbearer.expected.audience = null
	sasl.oauthbearer.expected.issuer = null
	sasl.oauthbearer.jwks.endpoint.refresh.ms = 3600000
	sasl.oauthbearer.jwks.endpoint.retry.backoff.max.ms = 10000
	sasl.oauthbearer.jwks.endpoint.retry.backoff.ms = 100
	sasl.oauthbearer.jwks.endpoint.url = null
	sasl.oauthbearer.scope.claim.name = scope
	sasl.oauthbearer.sub.claim.name = sub
	sasl.oauthbearer.token.endpoint.url = null
	security.protocol = PLAINTEXT
	security.providers = null
	send.buffer.bytes = 131072
	session.timeout.ms = 45000
	socket.connection.setup.timeout.max.ms = 30000
	socket.connection.setup.timeout.ms = 10000
	ssl.cipher.suites = null
	ssl.enabled.protocols = [TLSv1.2, TLSv1.3]
	ssl.endpoint.identification.algorithm = https
	ssl.engine.factory.class = null
	ssl.key.password = null
	ssl.keymanager.algorithm = SunX509
	ssl.keystore.certificate.chain = null
	ssl.keystore.key = null
	ssl.keystore.location = null
	ssl.keystore.password = null
	ssl.keystore.type = JKS
	ssl.protocol = TLSv1.3
	ssl.provider = null
	ssl.secure.random.implementation = null
	ssl.trustmanager.algorithm = PKIX
	ssl.truststore.certificates = null
	ssl.truststore.location = null
	ssl.truststore.password = null
	ssl.truststore.type = JKS
	value.deserializer = class org.apache.kafka.common.serialization.StringDeserializer

2025-04-10T16:18:08.331+08:00  INFO 35212 --- [notification-service] [           main] o.a.k.c.t.i.KafkaMetricsCollector        : initializing Kafka metrics collector
2025-04-10T16:18:08.335+08:00  INFO 35212 --- [notification-service] [container-0-C-1] org.apache.kafka.clients.Metadata        : [Consumer clientId=consumer-anonymous.80ebf885-f456-4dde-9b78-2a7cd51f5af1-2, groupId=anonymous.80ebf885-f456-4dde-9b78-2a7cd51f5af1] Cluster ID: lZSf4d7LSwyTn1BV_Q6Bmw
2025-04-10T16:18:08.335+08:00  INFO 35212 --- [notification-service] [           main] o.a.kafka.common.utils.AppInfoParser     : Kafka version: 3.8.1
2025-04-10T16:18:08.335+08:00  INFO 35212 --- [notification-service] [           main] o.a.kafka.common.utils.AppInfoParser     : Kafka commitId: 70d6ff42debf7e17
2025-04-10T16:18:08.335+08:00  INFO 35212 --- [notification-service] [           main] o.a.kafka.common.utils.AppInfoParser     : Kafka startTimeMs: 1744273088335
2025-04-10T16:18:08.335+08:00  INFO 35212 --- [notification-service] [container-0-C-1] o.a.k.c.c.internals.ConsumerCoordinator  : [Consumer clientId=consumer-anonymous.80ebf885-f456-4dde-9b78-2a7cd51f5af1-2, groupId=anonymous.80ebf885-f456-4dde-9b78-2a7cd51f5af1] Discovered group coordinator DESKTOP-C0ELBRH:9092 (id: 2147483647 rack: null)
2025-04-10T16:18:08.335+08:00  INFO 35212 --- [notification-service] [           main] o.a.k.c.c.internals.LegacyKafkaConsumer  : [Consumer clientId=consumer-notification-group-3, groupId=notification-group] Subscribed to topic(s): approval-notifications
2025-04-10T16:18:08.337+08:00  INFO 35212 --- [notification-service] [           main] o.a.k.clients.consumer.ConsumerConfig    : ConsumerConfig values: 
	allow.auto.create.topics = true
	auto.commit.interval.ms = 5000
	auto.include.jmx.reporter = true
	auto.offset.reset = latest
	bootstrap.servers = [localhost:9092]
	check.crcs = true
	client.dns.lookup = use_all_dns_ips
	client.id = consumer-notification-group-4
	client.rack = 
	connections.max.idle.ms = 540000
	default.api.timeout.ms = 60000
	enable.auto.commit = false
	enable.metrics.push = true
	exclude.internal.topics = true
	fetch.max.bytes = 52428800
	fetch.max.wait.ms = 500
	fetch.min.bytes = 1
	group.id = notification-group
	group.instance.id = null
	group.protocol = classic
	group.remote.assignor = null
	heartbeat.interval.ms = 3000
	interceptor.classes = []
	internal.leave.group.on.close = true
	internal.throw.on.fetch.stable.offset.unsupported = false
	isolation.level = read_uncommitted
	key.deserializer = class org.apache.kafka.common.serialization.StringDeserializer
	max.partition.fetch.bytes = 1048576
	max.poll.interval.ms = 300000
	max.poll.records = 500
	metadata.max.age.ms = 300000
	metadata.recovery.strategy = none
	metric.reporters = []
	metrics.num.samples = 2
	metrics.recording.level = INFO
	metrics.sample.window.ms = 30000
	partition.assignment.strategy = [class org.apache.kafka.clients.consumer.RangeAssignor, class org.apache.kafka.clients.consumer.CooperativeStickyAssignor]
	receive.buffer.bytes = 65536
	reconnect.backoff.max.ms = 1000
	reconnect.backoff.ms = 50
	request.timeout.ms = 30000
	retry.backoff.max.ms = 1000
	retry.backoff.ms = 100
	sasl.client.callback.handler.class = null
	sasl.jaas.config = null
	sasl.kerberos.kinit.cmd = /usr/bin/kinit
	sasl.kerberos.min.time.before.relogin = 60000
	sasl.kerberos.service.name = null
	sasl.kerberos.ticket.renew.jitter = 0.05
	sasl.kerberos.ticket.renew.window.factor = 0.8
	sasl.login.callback.handler.class = null
	sasl.login.class = null
	sasl.login.connect.timeout.ms = null
	sasl.login.read.timeout.ms = null
	sasl.login.refresh.buffer.seconds = 300
	sasl.login.refresh.min.period.seconds = 60
	sasl.login.refresh.window.factor = 0.8
	sasl.login.refresh.window.jitter = 0.05
	sasl.login.retry.backoff.max.ms = 10000
	sasl.login.retry.backoff.ms = 100
	sasl.mechanism = GSSAPI
	sasl.oauthbearer.clock.skew.seconds = 30
	sasl.oauthbearer.expected.audience = null
	sasl.oauthbearer.expected.issuer = null
	sasl.oauthbearer.jwks.endpoint.refresh.ms = 3600000
	sasl.oauthbearer.jwks.endpoint.retry.backoff.max.ms = 10000
	sasl.oauthbearer.jwks.endpoint.retry.backoff.ms = 100
	sasl.oauthbearer.jwks.endpoint.url = null
	sasl.oauthbearer.scope.claim.name = scope
	sasl.oauthbearer.sub.claim.name = sub
	sasl.oauthbearer.token.endpoint.url = null
	security.protocol = PLAINTEXT
	security.providers = null
	send.buffer.bytes = 131072
	session.timeout.ms = 45000
	socket.connection.setup.timeout.max.ms = 30000
	socket.connection.setup.timeout.ms = 10000
	ssl.cipher.suites = null
	ssl.enabled.protocols = [TLSv1.2, TLSv1.3]
	ssl.endpoint.identification.algorithm = https
	ssl.engine.factory.class = null
	ssl.key.password = null
	ssl.keymanager.algorithm = SunX509
	ssl.keystore.certificate.chain = null
	ssl.keystore.key = null
	ssl.keystore.location = null
	ssl.keystore.password = null
	ssl.keystore.type = JKS
	ssl.protocol = TLSv1.3
	ssl.provider = null
	ssl.secure.random.implementation = null
	ssl.trustmanager.algorithm = PKIX
	ssl.truststore.certificates = null
	ssl.truststore.location = null
	ssl.truststore.password = null
	ssl.truststore.type = JKS
	value.deserializer = class org.apache.kafka.common.serialization.StringDeserializer

2025-04-10T16:18:08.337+08:00  INFO 35212 --- [notification-service] [           main] o.a.k.c.t.i.KafkaMetricsCollector        : initializing Kafka metrics collector
2025-04-10T16:18:08.338+08:00  INFO 35212 --- [notification-service] [container-0-C-1] o.a.k.c.c.internals.ConsumerCoordinator  : [Consumer clientId=consumer-anonymous.80ebf885-f456-4dde-9b78-2a7cd51f5af1-2, groupId=anonymous.80ebf885-f456-4dde-9b78-2a7cd51f5af1] (Re-)joining group
2025-04-10T16:18:08.340+08:00  INFO 35212 --- [notification-service] [ntainer#0-0-C-1] org.apache.kafka.clients.Metadata        : [Consumer clientId=consumer-notification-group-3, groupId=notification-group] Cluster ID: lZSf4d7LSwyTn1BV_Q6Bmw
2025-04-10T16:18:08.340+08:00  INFO 35212 --- [notification-service] [ntainer#0-0-C-1] o.a.k.c.c.internals.ConsumerCoordinator  : [Consumer clientId=consumer-notification-group-3, groupId=notification-group] Discovered group coordinator DESKTOP-C0ELBRH:9092 (id: 2147483647 rack: null)
2025-04-10T16:18:08.341+08:00  INFO 35212 --- [notification-service] [ntainer#0-0-C-1] o.a.k.c.c.internals.ConsumerCoordinator  : [Consumer clientId=consumer-notification-group-3, groupId=notification-group] (Re-)joining group
2025-04-10T16:18:08.342+08:00  INFO 35212 --- [notification-service] [           main] o.a.kafka.common.utils.AppInfoParser     : Kafka version: 3.8.1
2025-04-10T16:18:08.342+08:00  INFO 35212 --- [notification-service] [           main] o.a.kafka.common.utils.AppInfoParser     : Kafka commitId: 70d6ff42debf7e17
2025-04-10T16:18:08.342+08:00  INFO 35212 --- [notification-service] [           main] o.a.kafka.common.utils.AppInfoParser     : Kafka startTimeMs: 1744273088342
2025-04-10T16:18:08.342+08:00  INFO 35212 --- [notification-service] [           main] o.a.k.c.c.internals.LegacyKafkaConsumer  : [Consumer clientId=consumer-notification-group-4, groupId=notification-group] Subscribed to topic(s): trade-notifications
2025-04-10T16:18:08.346+08:00  INFO 35212 --- [notification-service] [ntainer#1-0-C-1] org.apache.kafka.clients.Metadata        : [Consumer clientId=consumer-notification-group-4, groupId=notification-group] Cluster ID: lZSf4d7LSwyTn1BV_Q6Bmw
2025-04-10T16:18:08.346+08:00  INFO 35212 --- [notification-service] [ntainer#1-0-C-1] o.a.k.c.c.internals.ConsumerCoordinator  : [Consumer clientId=consumer-notification-group-4, groupId=notification-group] Discovered group coordinator DESKTOP-C0ELBRH:9092 (id: 2147483647 rack: null)
2025-04-10T16:18:08.347+08:00  INFO 35212 --- [notification-service] [ntainer#1-0-C-1] o.a.k.c.c.internals.ConsumerCoordinator  : [Consumer clientId=consumer-notification-group-4, groupId=notification-group] (Re-)joining group
2025-04-10T16:18:08.357+08:00  INFO 35212 --- [notification-service] [ntainer#1-0-C-1] o.a.k.c.c.internals.ConsumerCoordinator  : [Consumer clientId=consumer-notification-group-4, groupId=notification-group] Request joining group due to: need to re-join with the given member-id: consumer-notification-group-4-bfa0a88b-c802-44bd-8a82-55acc8b1879b
2025-04-10T16:18:08.357+08:00  INFO 35212 --- [notification-service] [container-0-C-1] o.a.k.c.c.internals.ConsumerCoordinator  : [Consumer clientId=consumer-anonymous.80ebf885-f456-4dde-9b78-2a7cd51f5af1-2, groupId=anonymous.80ebf885-f456-4dde-9b78-2a7cd51f5af1] Request joining group due to: need to re-join with the given member-id: consumer-anonymous.80ebf885-f456-4dde-9b78-2a7cd51f5af1-2-2ba0224e-2573-46b5-917c-97e120f0c5b2
2025-04-10T16:18:08.357+08:00  INFO 35212 --- [notification-service] [container-0-C-1] o.a.k.c.c.internals.ConsumerCoordinator  : [Consumer clientId=consumer-anonymous.80ebf885-f456-4dde-9b78-2a7cd51f5af1-2, groupId=anonymous.80ebf885-f456-4dde-9b78-2a7cd51f5af1] (Re-)joining group
2025-04-10T16:18:08.357+08:00  INFO 35212 --- [notification-service] [ntainer#1-0-C-1] o.a.k.c.c.internals.ConsumerCoordinator  : [Consumer clientId=consumer-notification-group-4, groupId=notification-group] (Re-)joining group
2025-04-10T16:18:08.358+08:00  INFO 35212 --- [notification-service] [ntainer#0-0-C-1] o.a.k.c.c.internals.ConsumerCoordinator  : [Consumer clientId=consumer-notification-group-3, groupId=notification-group] Request joining group due to: need to re-join with the given member-id: consumer-notification-group-3-cde51e16-0463-4725-9201-f5ab7b5c54a3
2025-04-10T16:18:08.359+08:00  INFO 35212 --- [notification-service] [ntainer#0-0-C-1] o.a.k.c.c.internals.ConsumerCoordinator  : [Consumer clientId=consumer-notification-group-3, groupId=notification-group] (Re-)joining group
2025-04-10T16:18:08.362+08:00  INFO 35212 --- [notification-service] [ntainer#1-0-C-1] o.a.k.c.c.internals.ConsumerCoordinator  : [Consumer clientId=consumer-notification-group-4, groupId=notification-group] Successfully joined group with generation Generation{generationId=1, memberId='consumer-notification-group-4-bfa0a88b-c802-44bd-8a82-55acc8b1879b', protocol='range'}
2025-04-10T16:18:08.362+08:00  INFO 35212 --- [notification-service] [ntainer#0-0-C-1] o.a.k.c.c.internals.ConsumerCoordinator  : [Consumer clientId=consumer-notification-group-3, groupId=notification-group] Successfully joined group with generation Generation{generationId=1, memberId='consumer-notification-group-3-cde51e16-0463-4725-9201-f5ab7b5c54a3', protocol='range'}
2025-04-10T16:18:08.363+08:00  INFO 35212 --- [notification-service] [container-0-C-1] o.a.k.c.c.internals.ConsumerCoordinator  : [Consumer clientId=consumer-anonymous.80ebf885-f456-4dde-9b78-2a7cd51f5af1-2, groupId=anonymous.80ebf885-f456-4dde-9b78-2a7cd51f5af1] Successfully joined group with generation Generation{generationId=1, memberId='consumer-anonymous.80ebf885-f456-4dde-9b78-2a7cd51f5af1-2-2ba0224e-2573-46b5-917c-97e120f0c5b2', protocol='range'}
2025-04-10T16:18:08.370+08:00  INFO 35212 --- [notification-service] [container-0-C-1] o.a.k.c.c.internals.ConsumerCoordinator  : [Consumer clientId=consumer-anonymous.80ebf885-f456-4dde-9b78-2a7cd51f5af1-2, groupId=anonymous.80ebf885-f456-4dde-9b78-2a7cd51f5af1] Finished assignment for group at generation 1: {consumer-anonymous.80ebf885-f456-4dde-9b78-2a7cd51f5af1-2-2ba0224e-2573-46b5-917c-97e120f0c5b2=Assignment(partitions=[springCloudBus-0])}
2025-04-10T16:18:08.370+08:00  INFO 35212 --- [notification-service] [ntainer#1-0-C-1] o.a.k.c.c.internals.ConsumerCoordinator  : [Consumer clientId=consumer-notification-group-4, groupId=notification-group] Finished assignment for group at generation 1: {consumer-notification-group-3-cde51e16-0463-4725-9201-f5ab7b5c54a3=Assignment(partitions=[approval-notifications-0]), consumer-notification-group-4-bfa0a88b-c802-44bd-8a82-55acc8b1879b=Assignment(partitions=[trade-notifications-0])}
2025-04-10T16:18:08.373+08:00  INFO 35212 --- [notification-service] [           main] .a.n.NotificationServiceApplicationTests : Started NotificationServiceApplicationTests in 4.989 seconds (process running for 5.788)
2025-04-10T16:18:08.378+08:00  INFO 35212 --- [notification-service] [container-0-C-1] o.a.k.c.c.internals.ConsumerCoordinator  : [Consumer clientId=consumer-anonymous.80ebf885-f456-4dde-9b78-2a7cd51f5af1-2, groupId=anonymous.80ebf885-f456-4dde-9b78-2a7cd51f5af1] Successfully synced group in generation Generation{generationId=1, memberId='consumer-anonymous.80ebf885-f456-4dde-9b78-2a7cd51f5af1-2-2ba0224e-2573-46b5-917c-97e120f0c5b2', protocol='range'}
2025-04-10T16:18:08.378+08:00  INFO 35212 --- [notification-service] [ntainer#1-0-C-1] o.a.k.c.c.internals.ConsumerCoordinator  : [Consumer clientId=consumer-notification-group-4, groupId=notification-group] Successfully synced group in generation Generation{generationId=1, memberId='consumer-notification-group-4-bfa0a88b-c802-44bd-8a82-55acc8b1879b', protocol='range'}
2025-04-10T16:18:08.378+08:00  INFO 35212 --- [notification-service] [ntainer#0-0-C-1] o.a.k.c.c.internals.ConsumerCoordinator  : [Consumer clientId=consumer-notification-group-3, groupId=notification-group] Successfully synced group in generation Generation{generationId=1, memberId='consumer-notification-group-3-cde51e16-0463-4725-9201-f5ab7b5c54a3', protocol='range'}
2025-04-10T16:18:08.378+08:00  INFO 35212 --- [notification-service] [container-0-C-1] o.a.k.c.c.internals.ConsumerCoordinator  : [Consumer clientId=consumer-anonymous.80ebf885-f456-4dde-9b78-2a7cd51f5af1-2, groupId=anonymous.80ebf885-f456-4dde-9b78-2a7cd51f5af1] Notifying assignor about the new Assignment(partitions=[springCloudBus-0])
2025-04-10T16:18:08.378+08:00  INFO 35212 --- [notification-service] [ntainer#1-0-C-1] o.a.k.c.c.internals.ConsumerCoordinator  : [Consumer clientId=consumer-notification-group-4, groupId=notification-group] Notifying assignor about the new Assignment(partitions=[trade-notifications-0])
2025-04-10T16:18:08.379+08:00  INFO 35212 --- [notification-service] [ntainer#0-0-C-1] o.a.k.c.c.internals.ConsumerCoordinator  : [Consumer clientId=consumer-notification-group-3, groupId=notification-group] Notifying assignor about the new Assignment(partitions=[approval-notifications-0])
2025-04-10T16:18:08.381+08:00  INFO 35212 --- [notification-service] [ntainer#1-0-C-1] k.c.c.i.ConsumerRebalanceListenerInvoker : [Consumer clientId=consumer-notification-group-4, groupId=notification-group] Adding newly assigned partitions: trade-notifications-0
2025-04-10T16:18:08.381+08:00  INFO 35212 --- [notification-service] [ntainer#0-0-C-1] k.c.c.i.ConsumerRebalanceListenerInvoker : [Consumer clientId=consumer-notification-group-3, groupId=notification-group] Adding newly assigned partitions: approval-notifications-0
2025-04-10T16:18:08.381+08:00  INFO 35212 --- [notification-service] [container-0-C-1] k.c.c.i.ConsumerRebalanceListenerInvoker : [Consumer clientId=consumer-anonymous.80ebf885-f456-4dde-9b78-2a7cd51f5af1-2, groupId=anonymous.80ebf885-f456-4dde-9b78-2a7cd51f5af1] Adding newly assigned partitions: springCloudBus-0
2025-04-10T16:18:08.386+08:00  INFO 35212 --- [notification-service] [ntainer#0-0-C-1] o.a.k.c.c.internals.ConsumerCoordinator  : [Consumer clientId=consumer-notification-group-3, groupId=notification-group] Found no committed offset for partition approval-notifications-0
2025-04-10T16:18:08.386+08:00  INFO 35212 --- [notification-service] [ntainer#1-0-C-1] o.a.k.c.c.internals.ConsumerCoordinator  : [Consumer clientId=consumer-notification-group-4, groupId=notification-group] Found no committed offset for partition trade-notifications-0
2025-04-10T16:18:08.387+08:00  INFO 35212 --- [notification-service] [container-0-C-1] o.a.k.c.c.internals.ConsumerCoordinator  : [Consumer clientId=consumer-anonymous.80ebf885-f456-4dde-9b78-2a7cd51f5af1-2, groupId=anonymous.80ebf885-f456-4dde-9b78-2a7cd51f5af1] Found no committed offset for partition springCloudBus-0
2025-04-10T16:18:08.388+08:00  INFO 35212 --- [notification-service] [ntainer#1-0-C-1] o.a.k.c.c.internals.ConsumerCoordinator  : [Consumer clientId=consumer-notification-group-4, groupId=notification-group] Found no committed offset for partition trade-notifications-0
2025-04-10T16:18:08.388+08:00  INFO 35212 --- [notification-service] [ntainer#0-0-C-1] o.a.k.c.c.internals.ConsumerCoordinator  : [Consumer clientId=consumer-notification-group-3, groupId=notification-group] Found no committed offset for partition approval-notifications-0
2025-04-10T16:18:08.395+08:00  INFO 35212 --- [notification-service] [ntainer#0-0-C-1] o.a.k.c.c.internals.SubscriptionState    : [Consumer clientId=consumer-notification-group-3, groupId=notification-group] Resetting offset for partition approval-notifications-0 to position FetchPosition{offset=0, offsetEpoch=Optional.empty, currentLeader=LeaderAndEpoch{leader=Optional[DESKTOP-C0ELBRH:9092 (id: 0 rack: null)], epoch=0}}.
2025-04-10T16:18:08.395+08:00  INFO 35212 --- [notification-service] [ntainer#1-0-C-1] o.a.k.c.c.internals.SubscriptionState    : [Consumer clientId=consumer-notification-group-4, groupId=notification-group] Resetting offset for partition trade-notifications-0 to position FetchPosition{offset=0, offsetEpoch=Optional.empty, currentLeader=LeaderAndEpoch{leader=Optional[DESKTOP-C0ELBRH:9092 (id: 0 rack: null)], epoch=0}}.
2025-04-10T16:18:08.395+08:00  INFO 35212 --- [notification-service] [container-0-C-1] o.a.k.c.c.internals.SubscriptionState    : [Consumer clientId=consumer-anonymous.80ebf885-f456-4dde-9b78-2a7cd51f5af1-2, groupId=anonymous.80ebf885-f456-4dde-9b78-2a7cd51f5af1] Resetting offset for partition springCloudBus-0 to position FetchPosition{offset=0, offsetEpoch=Optional.empty, currentLeader=LeaderAndEpoch{leader=Optional[DESKTOP-C0ELBRH:9092 (id: 0 rack: null)], epoch=0}}.
2025-04-10T16:18:08.396+08:00  INFO 35212 --- [notification-service] [container-0-C-1] o.s.c.s.b.k.KafkaMessageChannelBinder$2  : anonymous.80ebf885-f456-4dde-9b78-2a7cd51f5af1: partitions assigned: [springCloudBus-0]
2025-04-10T16:18:08.402+08:00  INFO 35212 --- [notification-service] [ntainer#0-0-C-1] o.s.k.l.KafkaMessageListenerContainer    : notification-group: partitions assigned: [approval-notifications-0]
2025-04-10T16:18:08.402+08:00  INFO 35212 --- [notification-service] [ntainer#1-0-C-1] o.s.k.l.KafkaMessageListenerContainer    : notification-group: partitions assigned: [trade-notifications-0]
2025-04-10T16:18:08.900+08:00  INFO 35212 --- [notification-service] [           main] o.a.k.clients.producer.ProducerConfig    : ProducerConfig values: 
	acks = -1
	auto.include.jmx.reporter = true
	batch.size = 16384
	bootstrap.servers = [localhost:9092]
	buffer.memory = 33554432
	client.dns.lookup = use_all_dns_ips
	client.id = notification-service-producer-1
	compression.gzip.level = -1
	compression.lz4.level = 9
	compression.type = none
	compression.zstd.level = 3
	connections.max.idle.ms = 540000
	delivery.timeout.ms = 120000
	enable.idempotence = true
	enable.metrics.push = true
	interceptor.classes = []
	key.serializer = class org.apache.kafka.common.serialization.StringSerializer
	linger.ms = 0
	max.block.ms = 60000
	max.in.flight.requests.per.connection = 5
	max.request.size = 1048576
	metadata.max.age.ms = 300000
	metadata.max.idle.ms = 300000
	metadata.recovery.strategy = none
	metric.reporters = []
	metrics.num.samples = 2
	metrics.recording.level = INFO
	metrics.sample.window.ms = 30000
	partitioner.adaptive.partitioning.enable = true
	partitioner.availability.timeout.ms = 0
	partitioner.class = null
	partitioner.ignore.keys = false
	receive.buffer.bytes = 32768
	reconnect.backoff.max.ms = 1000
	reconnect.backoff.ms = 50
	request.timeout.ms = 30000
	retries = 2147483647
	retry.backoff.max.ms = 1000
	retry.backoff.ms = 100
	sasl.client.callback.handler.class = null
	sasl.jaas.config = null
	sasl.kerberos.kinit.cmd = /usr/bin/kinit
	sasl.kerberos.min.time.before.relogin = 60000
	sasl.kerberos.service.name = null
	sasl.kerberos.ticket.renew.jitter = 0.05
	sasl.kerberos.ticket.renew.window.factor = 0.8
	sasl.login.callback.handler.class = null
	sasl.login.class = null
	sasl.login.connect.timeout.ms = null
	sasl.login.read.timeout.ms = null
	sasl.login.refresh.buffer.seconds = 300
	sasl.login.refresh.min.period.seconds = 60
	sasl.login.refresh.window.factor = 0.8
	sasl.login.refresh.window.jitter = 0.05
	sasl.login.retry.backoff.max.ms = 10000
	sasl.login.retry.backoff.ms = 100
	sasl.mechanism = GSSAPI
	sasl.oauthbearer.clock.skew.seconds = 30
	sasl.oauthbearer.expected.audience = null
	sasl.oauthbearer.expected.issuer = null
	sasl.oauthbearer.jwks.endpoint.refresh.ms = 3600000
	sasl.oauthbearer.jwks.endpoint.retry.backoff.max.ms = 10000
	sasl.oauthbearer.jwks.endpoint.retry.backoff.ms = 100
	sasl.oauthbearer.jwks.endpoint.url = null
	sasl.oauthbearer.scope.claim.name = scope
	sasl.oauthbearer.sub.claim.name = sub
	sasl.oauthbearer.token.endpoint.url = null
	security.protocol = PLAINTEXT
	security.providers = null
	send.buffer.bytes = 131072
	socket.connection.setup.timeout.max.ms = 30000
	socket.connection.setup.timeout.ms = 10000
	ssl.cipher.suites = null
	ssl.enabled.protocols = [TLSv1.2, TLSv1.3]
	ssl.endpoint.identification.algorithm = https
	ssl.engine.factory.class = null
	ssl.key.password = null
	ssl.keymanager.algorithm = SunX509
	ssl.keystore.certificate.chain = null
	ssl.keystore.key = null
	ssl.keystore.location = null
	ssl.keystore.password = null
	ssl.keystore.type = JKS
	ssl.protocol = TLSv1.3
	ssl.provider = null
	ssl.secure.random.implementation = null
	ssl.trustmanager.algorithm = PKIX
	ssl.truststore.certificates = null
	ssl.truststore.location = null
	ssl.truststore.password = null
	ssl.truststore.type = JKS
	transaction.timeout.ms = 60000
	transactional.id = null
	value.serializer = class org.springframework.kafka.support.serializer.JsonSerializer

2025-04-10T16:18:08.902+08:00  INFO 35212 --- [notification-service] [           main] o.a.k.c.t.i.KafkaMetricsCollector        : initializing Kafka metrics collector
2025-04-10T16:18:08.919+08:00  INFO 35212 --- [notification-service] [           main] o.a.k.clients.producer.KafkaProducer     : [Producer clientId=notification-service-producer-1] Instantiated an idempotent producer.
2025-04-10T16:18:08.936+08:00  INFO 35212 --- [notification-service] [           main] o.a.kafka.common.utils.AppInfoParser     : Kafka version: 3.8.1
2025-04-10T16:18:08.936+08:00  INFO 35212 --- [notification-service] [           main] o.a.kafka.common.utils.AppInfoParser     : Kafka commitId: 70d6ff42debf7e17
2025-04-10T16:18:08.936+08:00  INFO 35212 --- [notification-service] [           main] o.a.kafka.common.utils.AppInfoParser     : Kafka startTimeMs: 1744273088936
2025-04-10T16:18:08.941+08:00  INFO 35212 --- [notification-service] [vice-producer-1] org.apache.kafka.clients.Metadata        : [Producer clientId=notification-service-producer-1] Cluster ID: lZSf4d7LSwyTn1BV_Q6Bmw
2025-04-10T16:18:09.038+08:00  INFO 35212 --- [notification-service] [vice-producer-1] o.a.k.c.p.internals.TransactionManager   : [Producer clientId=notification-service-producer-1] ProducerId set to 3000 with epoch 0
]]></system-out>
    <system-err><![CDATA[交易通知消息解析失败: Cannot construct instance of `java.util.LinkedHashMap` (although at least one Creator exists): no String-argument constructor/factory method to deserialize from String value ('{"clientId":"10001000000123456","tradeId":"T0001","status":"已执行"}')
 at [Source: REDACTED (`StreamReadFeature.INCLUDE_SOURCE_IN_LOCATION` disabled); line: 1, column: 1]
]]></system-err>
  </testcase>
</testsuite>